<?xml version="1.0" encoding="UTF-8"?>
<testsuite name="cal.almacenV1.servicioProducto.ServicioProductoMockTest" tests="1" skipped="0" failures="0" errors="0" timestamp="2021-10-21T20:22:08" hostname="DESKTOP-PO18RAS" time="0.139">
  <properties/>
  <testcase name="whenValidGetId_ThenReturnProducto()" classname="cal.almacenV1.servicioProducto.ServicioProductoMockTest" time="0.139"/>
  <system-out><![CDATA[15:22:02.207 [Test worker] DEBUG org.springframework.test.context.BootstrapUtils - Instantiating CacheAwareContextLoaderDelegate from class [org.springframework.test.context.cache.DefaultCacheAwareContextLoaderDelegate]
15:22:02.223 [Test worker] DEBUG org.springframework.test.context.BootstrapUtils - Instantiating BootstrapContext using constructor [public org.springframework.test.context.support.DefaultBootstrapContext(java.lang.Class,org.springframework.test.context.CacheAwareContextLoaderDelegate)]
15:22:02.269 [Test worker] DEBUG org.springframework.test.context.BootstrapUtils - Instantiating TestContextBootstrapper for test class [cal.almacenV1.servicioProducto.ServicioProductoMockTest] from class [org.springframework.boot.test.context.SpringBootTestContextBootstrapper]
15:22:02.287 [Test worker] INFO org.springframework.boot.test.context.SpringBootTestContextBootstrapper - Neither @ContextConfiguration nor @ContextHierarchy found for test class [cal.almacenV1.servicioProducto.ServicioProductoMockTest], using SpringBootContextLoader
15:22:02.294 [Test worker] DEBUG org.springframework.test.context.support.AbstractContextLoader - Did not detect default resource location for test class [cal.almacenV1.servicioProducto.ServicioProductoMockTest]: class path resource [cal/almacenV1/servicioProducto/ServicioProductoMockTest-context.xml] does not exist
15:22:02.295 [Test worker] DEBUG org.springframework.test.context.support.AbstractContextLoader - Did not detect default resource location for test class [cal.almacenV1.servicioProducto.ServicioProductoMockTest]: class path resource [cal/almacenV1/servicioProducto/ServicioProductoMockTestContext.groovy] does not exist
15:22:02.296 [Test worker] INFO org.springframework.test.context.support.AbstractContextLoader - Could not detect default resource locations for test class [cal.almacenV1.servicioProducto.ServicioProductoMockTest]: no resource found for suffixes {-context.xml, Context.groovy}.
15:22:02.297 [Test worker] INFO org.springframework.test.context.support.AnnotationConfigContextLoaderUtils - Could not detect default configuration classes for test class [cal.almacenV1.servicioProducto.ServicioProductoMockTest]: ServicioProductoMockTest does not declare any static, non-private, non-final, nested classes annotated with @Configuration.
15:22:02.369 [Test worker] DEBUG org.springframework.test.context.support.ActiveProfilesUtils - Could not find an 'annotation declaring class' for annotation type [org.springframework.test.context.ActiveProfiles] and class [cal.almacenV1.servicioProducto.ServicioProductoMockTest]
15:22:02.490 [Test worker] DEBUG org.springframework.context.annotation.ClassPathScanningCandidateComponentProvider - Identified candidate component class: file [C:\Users\profesor lugo\Desktop\servicioProducto\build\classes\java\main\cal\almacenV1\servicioProducto\ServicioProductoApplication.class]
15:22:02.491 [Test worker] INFO org.springframework.boot.test.context.SpringBootTestContextBootstrapper - Found @SpringBootConfiguration cal.almacenV1.servicioProducto.ServicioProductoApplication for test class cal.almacenV1.servicioProducto.ServicioProductoMockTest
15:22:02.620 [Test worker] DEBUG org.springframework.boot.test.context.SpringBootTestContextBootstrapper - @TestExecutionListeners is not present for class [cal.almacenV1.servicioProducto.ServicioProductoMockTest]: using defaults.
15:22:02.621 [Test worker] INFO org.springframework.boot.test.context.SpringBootTestContextBootstrapper - Loaded default TestExecutionListener class names from location [META-INF/spring.factories]: [org.springframework.boot.test.autoconfigure.restdocs.RestDocsTestExecutionListener, org.springframework.boot.test.autoconfigure.web.client.MockRestServiceServerResetTestExecutionListener, org.springframework.boot.test.autoconfigure.web.servlet.MockMvcPrintOnlyOnFailureTestExecutionListener, org.springframework.boot.test.autoconfigure.web.servlet.WebDriverTestExecutionListener, org.springframework.boot.test.autoconfigure.webservices.client.MockWebServiceServerTestExecutionListener, org.springframework.boot.test.mock.mockito.MockitoTestExecutionListener, org.springframework.boot.test.mock.mockito.ResetMocksTestExecutionListener, org.springframework.test.context.web.ServletTestExecutionListener, org.springframework.test.context.support.DirtiesContextBeforeModesTestExecutionListener, org.springframework.test.context.event.ApplicationEventsTestExecutionListener, org.springframework.test.context.support.DependencyInjectionTestExecutionListener, org.springframework.test.context.support.DirtiesContextTestExecutionListener, org.springframework.test.context.transaction.TransactionalTestExecutionListener, org.springframework.test.context.jdbc.SqlScriptsTestExecutionListener, org.springframework.test.context.event.EventPublishingTestExecutionListener]
15:22:02.641 [Test worker] INFO org.springframework.boot.test.context.SpringBootTestContextBootstrapper - Using TestExecutionListeners: [org.springframework.test.context.web.ServletTestExecutionListener@6bca7e0d, org.springframework.test.context.support.DirtiesContextBeforeModesTestExecutionListener@2631f68c, org.springframework.test.context.event.ApplicationEventsTestExecutionListener@6ed3f258, org.springframework.boot.test.mock.mockito.MockitoTestExecutionListener@8ad6665, org.springframework.boot.test.autoconfigure.SpringBootDependencyInjectionTestExecutionListener@30af5b6b, org.springframework.test.context.support.DirtiesContextTestExecutionListener@19835e64, org.springframework.test.context.transaction.TransactionalTestExecutionListener@68b32e3e, org.springframework.test.context.jdbc.SqlScriptsTestExecutionListener@bcef303, org.springframework.test.context.event.EventPublishingTestExecutionListener@41709512, org.springframework.boot.test.autoconfigure.restdocs.RestDocsTestExecutionListener@42039326, org.springframework.boot.test.autoconfigure.web.client.MockRestServiceServerResetTestExecutionListener@33308786, org.springframework.boot.test.autoconfigure.web.servlet.MockMvcPrintOnlyOnFailureTestExecutionListener@4f9a2c08, org.springframework.boot.test.autoconfigure.web.servlet.WebDriverTestExecutionListener@a87f8ec, org.springframework.boot.test.autoconfigure.webservices.client.MockWebServiceServerTestExecutionListener@5443d039, org.springframework.boot.test.mock.mockito.ResetMocksTestExecutionListener@63787180]
15:22:02.646 [Test worker] DEBUG org.springframework.test.context.support.AbstractDirtiesContextTestExecutionListener - Before test class: context [DefaultTestContext@53fd0d10 testClass = ServicioProductoMockTest, testInstance = [null], testMethod = [null], testException = [null], mergedContextConfiguration = [WebMergedContextConfiguration@6c0d9d86 testClass = ServicioProductoMockTest, locations = '{}', classes = '{class cal.almacenV1.servicioProducto.ServicioProductoApplication}', contextInitializerClasses = '[]', activeProfiles = '{}', propertySourceLocations = '{}', propertySourceProperties = '{org.springframework.boot.test.context.SpringBootTestContextBootstrapper=true}', contextCustomizers = set[org.springframework.boot.test.autoconfigure.actuate.metrics.MetricsExportContextCustomizerFactory$DisableMetricExportContextCustomizer@48bb62, org.springframework.boot.test.autoconfigure.properties.PropertyMappingContextCustomizer@0, org.springframework.boot.test.autoconfigure.web.servlet.WebDriverContextCustomizerFactory$Customizer@4d1c005e, org.springframework.boot.test.context.filter.ExcludeFilterContextCustomizer@496bc455, org.springframework.boot.test.json.DuplicateJsonObjectContextCustomizerFactory$DuplicateJsonObjectContextCustomizer@6be968ce, org.springframework.boot.test.mock.mockito.MockitoContextCustomizer@0, org.springframework.boot.test.web.client.TestRestTemplateContextCustomizer@533bda92, org.springframework.boot.test.context.SpringBootTestArgs@1, org.springframework.boot.test.context.SpringBootTestWebEnvironment@6ce139a4], resourceBasePath = 'src/main/webapp', contextLoader = 'org.springframework.boot.test.context.SpringBootContextLoader', parent = [null]], attributes = map['org.springframework.test.context.web.ServletTestExecutionListener.activateListener' -> true]], class annotated with @DirtiesContext [false] with mode [null].
15:22:02.709 [Test worker] DEBUG org.springframework.test.context.support.TestPropertySourceUtils - Adding inlined properties to environment: {spring.jmx.enabled=false, org.springframework.boot.test.context.SpringBootTestContextBootstrapper=true}

  .   ____          _            __ _ _
 /\\ / ___'_ __ _ _(_)_ __  __ _ \ \ \ \
( ( )\___ | '_ | '_| | '_ \/ _` | \ \ \ \
 \\/  ___)| |_)| | | | | || (_| |  ) ) ) )
  '  |____| .__|_| |_|_| |_\__, | / / / /
 =========|_|==============|___/=/_/_/_/
 :: Spring Boot ::                (v2.5.5)

2021-10-21 15:22:03.115  INFO 8040 --- [    Test worker] c.a.s.ServicioProductoMockTest           : Starting ServicioProductoMockTest using Java 1.8.0_191 on DESKTOP-PO18RAS with PID 8040 (started by profesor lugo in C:\Users\profesor lugo\Desktop\servicioProducto)
2021-10-21 15:22:03.119  INFO 8040 --- [    Test worker] c.a.s.ServicioProductoMockTest           : No active profile set, falling back to default profiles: default
2021-10-21 15:22:04.076  INFO 8040 --- [    Test worker] .s.d.r.c.RepositoryConfigurationDelegate : Bootstrapping Spring Data JPA repositories in DEFAULT mode.
2021-10-21 15:22:04.167  INFO 8040 --- [    Test worker] .s.d.r.c.RepositoryConfigurationDelegate : Finished Spring Data repository scanning in 76 ms. Found 1 JPA repository interfaces.
2021-10-21 15:22:04.858  INFO 8040 --- [    Test worker] com.zaxxer.hikari.HikariDataSource       : HikariPool-1 - Starting...
2021-10-21 15:22:05.141  INFO 8040 --- [    Test worker] com.zaxxer.hikari.HikariDataSource       : HikariPool-1 - Start completed.
2021-10-21 15:22:05.225  INFO 8040 --- [    Test worker] o.hibernate.jpa.internal.util.LogHelper  : HHH000204: Processing PersistenceUnitInfo [name: default]
2021-10-21 15:22:05.291  INFO 8040 --- [    Test worker] org.hibernate.Version                    : HHH000412: Hibernate ORM core version 5.4.32.Final
2021-10-21 15:22:05.505  INFO 8040 --- [    Test worker] o.hibernate.annotations.common.Version   : HCANN000001: Hibernate Commons Annotations {5.1.2.Final}
2021-10-21 15:22:05.677  INFO 8040 --- [    Test worker] org.hibernate.dialect.Dialect            : HHH000400: Using dialect: org.hibernate.dialect.H2Dialect
2021-10-21 15:22:06.447  INFO 8040 --- [    Test worker] o.h.e.t.j.p.i.JtaPlatformInitiator       : HHH000490: Using JtaPlatform implementation: [org.hibernate.engine.transaction.jta.platform.internal.NoJtaPlatform]
2021-10-21 15:22:06.458  INFO 8040 --- [    Test worker] j.LocalContainerEntityManagerFactoryBean : Initialized JPA EntityManagerFactory for persistence unit 'default'
2021-10-21 15:22:06.765  WARN 8040 --- [    Test worker] JpaBaseConfiguration$JpaWebConfiguration : spring.jpa.open-in-view is enabled by default. Therefore, database queries may be performed during view rendering. Explicitly configure spring.jpa.open-in-view to disable this warning
2021-10-21 15:22:08.194  INFO 8040 --- [    Test worker] c.a.s.ServicioProductoMockTest           : Started ServicioProductoMockTest in 5.473 seconds (JVM running for 7.194)
]]></system-out>
  <system-err><![CDATA[]]></system-err>
</testsuite>
